<?xml version="1.0" encoding="UTF-8"?>
<testng-results ignored="0" total="3" passed="3" failed="0" skipped="0">
  <reporter-output>
  </reporter-output>
  <suite started-at="2023-07-10T02:12:22 IST" name="OpencartSuite" finished-at="2023-07-10T02:12:48 IST" duration-ms="26075">
    <groups>
    </groups>
    <test started-at="2023-07-10T02:12:22 IST" name="OpencartTest" finished-at="2023-07-10T02:12:48 IST" duration-ms="26075">
      <class name="testCases.TC_003_LoginDataDrivenTest">
        <test-method is-config="true" signature="setup(java.lang.String)[pri:0, instance:testCases.TC_003_LoginDataDrivenTest@5d0bf09b]" started-at="2023-07-10T02:12:22 IST" name="setup" finished-at="2023-07-10T02:12:31 IST" duration-ms="8119" status="PASS">
          <params>
            <param index="0">
              <value>
                <![CDATA[Edge]]>
              </value>
            </param>
          </params>
          <reporter-output>
          </reporter-output>
        </test-method> <!-- setup -->
        <test-method signature="test_LoginDDT(java.lang.String,java.lang.String,java.lang.String)[pri:0, instance:testCases.TC_003_LoginDataDrivenTest@5d0bf09b]" started-at="2023-07-10T02:12:32 IST" name="test_LoginDDT" data-provider="LoginData" finished-at="2023-07-10T02:12:38 IST" duration-ms="5571" status="PASS">
          <params>
            <param index="0">
              <value>
                <![CDATA[jothikumarisivakumar@gmail.com]]>
              </value>
            </param>
            <param index="1">
              <value>
                <![CDATA[test@123]]>
              </value>
            </param>
            <param index="2">
              <value>
                <![CDATA[Valid]]>
              </value>
            </param>
          </params>
          <reporter-output>
          </reporter-output>
        </test-method> <!-- test_LoginDDT -->
        <test-method signature="test_LoginDDT(java.lang.String,java.lang.String,java.lang.String)[pri:0, instance:testCases.TC_003_LoginDataDrivenTest@5d0bf09b]" started-at="2023-07-10T02:12:38 IST" name="test_LoginDDT" data-provider="LoginData" finished-at="2023-07-10T02:12:43 IST" duration-ms="5118" status="PASS">
          <params>
            <param index="0">
              <value>
                <![CDATA[jothi@gmail.com]]>
              </value>
            </param>
            <param index="1">
              <value>
                <![CDATA[lassg3]]>
              </value>
            </param>
            <param index="2">
              <value>
                <![CDATA[Valid]]>
              </value>
            </param>
          </params>
          <reporter-output>
          </reporter-output>
        </test-method> <!-- test_LoginDDT -->
        <test-method signature="test_LoginDDT(java.lang.String,java.lang.String,java.lang.String)[pri:0, instance:testCases.TC_003_LoginDataDrivenTest@5d0bf09b]" started-at="2023-07-10T02:12:43 IST" name="test_LoginDDT" data-provider="LoginData" finished-at="2023-07-10T02:12:48 IST" duration-ms="4459" status="PASS">
          <params>
            <param index="0">
              <value>
                <![CDATA[jothi121@gmail.com]]>
              </value>
            </param>
            <param index="1">
              <value>
                <![CDATA[lsd345]]>
              </value>
            </param>
            <param index="2">
              <value>
                <![CDATA[Valid]]>
              </value>
            </param>
          </params>
          <reporter-output>
          </reporter-output>
        </test-method> <!-- test_LoginDDT -->
        <test-method is-config="true" signature="tearDown()[pri:0, instance:testCases.TC_003_LoginDataDrivenTest@5d0bf09b]" started-at="2023-07-10T02:12:48 IST" name="tearDown" finished-at="2023-07-10T02:12:48 IST" duration-ms="454" status="PASS">
          <reporter-output>
          </reporter-output>
        </test-method> <!-- tearDown -->
      </class> <!-- testCases.TC_003_LoginDataDrivenTest -->
    </test> <!-- OpencartTest -->
  </suite> <!-- OpencartSuite -->
</testng-results>
