<?xml version="1.0" encoding="UTF-8"?>
<testsuite xmlns:xsi="http://www.w3.org/2001/XMLSchema-instance" xsi:noNamespaceSchemaLocation="https://maven.apache.org/surefire/maven-surefire-plugin/xsd/surefire-test-report-3.0.xsd" version="3.0" name="TestSuite" time="27.593" tests="3" errors="0" skipped="0" failures="0">
  <properties>
[...]
</properties>
  <testcase name="test_LoginDDT[jothikumarisivakumar@gmail.com, test@123, Valid](1)" classname="testCases.TC_003_LoginDataDrivenTest" time="5.631">
    <system-err><![CDATA[SLF4J: Failed to load class "org.slf4j.impl.StaticLoggerBinder".
SLF4J: Defaulting to no-operation (NOP) logger implementation
SLF4J: See http://www.slf4j.org/codes.html#StaticLoggerBinder for further details.
Jul 10, 2023 2:12:23 AM org.openqa.selenium.manager.SeleniumManager getDriverPath
INFO: Applicable driver not found; attempting to install with Selenium Manager (Beta)
Starting Microsoft Edge WebDriver 114.0.1823.67 (3f1d7fbb324e0f523365de1adb604ed5525e48bb) on port 16236
To submit feedback, report a bug, or suggest new features, please visit https://github.com/MicrosoftEdge/EdgeWebDriver

Only local connections are allowed.
Please see https://aka.ms/WebDriverSecurity for suggestions on keeping Microsoft Edge WebDriver safe.

Microsoft Edge WebDriver was started successfully.
Jul 10, 2023 2:12:26 AM org.openqa.selenium.devtools.CdpVersionFinder findNearestMatch
WARNING: Unable to find an exact match for CDP version 114, so returning the closest version found: 113
]]></system-err>
  </testcase>
  <testcase name="test_LoginDDT[jothi@gmail.com, lassg3, Valid](2)" classname="testCases.TC_003_LoginDataDrivenTest" time="5.116"/>
  <testcase name="test_LoginDDT[jothi121@gmail.com, lsd345, Valid](3)" classname="testCases.TC_003_LoginDataDrivenTest" time="4.46"/>
</testsuite>