<?xml version="1.0" encoding="UTF-8"?>
<testng-results ignored="0" total="3" passed="3" failed="0" skipped="0">
  <reporter-output>
  </reporter-output>
  <suite started-at="2023-07-10T01:48:25 IST" name="OpencartSuite" finished-at="2023-07-10T01:48:56 IST" duration-ms="31002">
    <groups>
    </groups>
    <test started-at="2023-07-10T01:48:25 IST" name="OpencartTest" finished-at="2023-07-10T01:48:56 IST" duration-ms="31002">
      <class name="testCases.TC_003_LoginDataDrivenTest">
        <test-method is-config="true" signature="setup(java.lang.String)[pri:0, instance:testCases.TC_003_LoginDataDrivenTest@23c30a20]" started-at="2023-07-10T01:48:26 IST" name="setup" finished-at="2023-07-10T01:48:37 IST" duration-ms="10642" status="PASS">
          <params>
            <param index="0">
              <value>
                <![CDATA[Edge]]>
              </value>
            </param>
          </params>
          <reporter-output>
          </reporter-output>
        </test-method> <!-- setup -->
        <test-method signature="test_LoginDDT(java.lang.String,java.lang.String,java.lang.String)[pri:0, instance:testCases.TC_003_LoginDataDrivenTest@23c30a20]" started-at="2023-07-10T01:48:39 IST" name="test_LoginDDT" data-provider="LoginData" finished-at="2023-07-10T01:48:46 IST" duration-ms="6406" status="PASS">
          <params>
            <param index="0">
              <value>
                <![CDATA[jothikumarisivakumar@gmail.com]]>
              </value>
            </param>
            <param index="1">
              <value>
                <![CDATA[test@123]]>
              </value>
            </param>
            <param index="2">
              <value>
                <![CDATA[Valid]]>
              </value>
            </param>
          </params>
          <reporter-output>
          </reporter-output>
        </test-method> <!-- test_LoginDDT -->
        <test-method signature="test_LoginDDT(java.lang.String,java.lang.String,java.lang.String)[pri:0, instance:testCases.TC_003_LoginDataDrivenTest@23c30a20]" started-at="2023-07-10T01:48:46 IST" name="test_LoginDDT" data-provider="LoginData" finished-at="2023-07-10T01:48:51 IST" duration-ms="5210" status="PASS">
          <params>
            <param index="0">
              <value>
                <![CDATA[jothi@gmail.com]]>
              </value>
            </param>
            <param index="1">
              <value>
                <![CDATA[lassg3]]>
              </value>
            </param>
            <param index="2">
              <value>
                <![CDATA[Valid]]>
              </value>
            </param>
          </params>
          <reporter-output>
          </reporter-output>
        </test-method> <!-- test_LoginDDT -->
        <test-method signature="test_LoginDDT(java.lang.String,java.lang.String,java.lang.String)[pri:0, instance:testCases.TC_003_LoginDataDrivenTest@23c30a20]" started-at="2023-07-10T01:48:51 IST" name="test_LoginDDT" data-provider="LoginData" finished-at="2023-07-10T01:48:56 IST" duration-ms="4986" status="PASS">
          <params>
            <param index="0">
              <value>
                <![CDATA[jothi121@gmail.com]]>
              </value>
            </param>
            <param index="1">
              <value>
                <![CDATA[lsd345]]>
              </value>
            </param>
            <param index="2">
              <value>
                <![CDATA[Valid]]>
              </value>
            </param>
          </params>
          <reporter-output>
          </reporter-output>
        </test-method> <!-- test_LoginDDT -->
        <test-method is-config="true" signature="tearDown()[pri:0, instance:testCases.TC_003_LoginDataDrivenTest@23c30a20]" started-at="2023-07-10T01:48:56 IST" name="tearDown" finished-at="2023-07-10T01:48:56 IST" duration-ms="590" status="PASS">
          <reporter-output>
          </reporter-output>
        </test-method> <!-- tearDown -->
      </class> <!-- testCases.TC_003_LoginDataDrivenTest -->
    </test> <!-- OpencartTest -->
  </suite> <!-- OpencartSuite -->
</testng-results>
