<?xml version="1.0" encoding="UTF-8"?>
<!-- Generated by org.testng.reporters.JUnitXMLReporter -->
<testsuite ignored="0" hostname="DESKTOP-FJJ8DPI" failures="0" tests="3" name="ChromeTest" time="26.105" errors="0" timestamp="2023-06-30T01:27:02 IST">
  <testcase classname="testCases.TC_001_AccountRegistrationTest" name="test_account_Registration" time="4.744"/>
  <testcase classname="testCases.TC_001_AccountRegistrationTest" name="test_frame" time="0.779"/>
  <testcase classname="testCases.TC_001_AccountRegistrationTest" name="test_frame1" time="2.509"/>
</testsuite> <!-- ChromeTest -->
